<?xml version="1.0" encoding="UTF-8"?>
<!-- Generated by org.testng.reporters.JUnitXMLReporter -->
<testsuite ignored="0" hostname="DESKTOP-EP7QFKD" failures="0" tests="4" name="Address" time="0.039" errors="0" timestamp="2022-10-11T20:28:47 IST">
  <testcase classname="module1.Topic4" name="testcase7" time="0.002"/>
  <testcase classname="module1.Topic4" name="testcase8" time="0.008"/>
  <testcase classname="module1.Topic3" name="testcase5" time="0.004"/>
  <testcase classname="module1.Topic3" name="testcase6" time="0.002"/>
</testsuite> <!-- Address -->
