<?xml version="1.0" encoding="UTF-8"?>
<!-- Generated by org.testng.reporters.JUnitXMLReporter -->
<testsuite ignored="1" hostname="DESKTOP-EP7QFKD" failures="0" tests="3" name="Login" time="0.104" errors="0" timestamp="2022-10-11T20:28:47 IST">
  <testcase classname="module1.Topic2" name="testcase3" time="0.016"/>
  <testcase classname="module1.Topic2" name="testcase4" time="0.003"/>
  <testcase classname="module1.Topic1" name="testcase1" time="0.002"/>
  <testcase classname="module1.Topic1" name="testcase2" time="0.0">
    <ignored/>
  </testcase> <!-- testcase2 -->
</testsuite> <!-- Login -->
