<?xml version="1.0" encoding="UTF-8"?>
<!-- Generated by org.testng.reporters.JUnitXMLReporter -->
<testsuite ignored="0" hostname="DESKTOP-EP7QFKD" failures="0" tests="5" name="Test" time="0.091" errors="0" timestamp="2022-10-15T22:34:44 IST">
  <testcase classname="module2.Topic1" name="Abc" time="0.01"/>
  <testcase classname="module2.Topic1" name="XYZ" time="0.002"/>
  <testcase classname="module2.Topic1" name="testCase2" time="0.001"/>
  <testcase classname="module2.Topic3" name="testCase5" time="0.003"/>
  <testcase classname="module2.Topic4" name="testCase8" time="0.002"/>
</testsuite> <!-- Test -->
