<?xml version="1.0" encoding="UTF-8"?>
<testng-results ignored="0" total="5" passed="5" failed="0" skipped="0">
  <reporter-output>
  </reporter-output>
  <suite started-at="2022-10-15T22:34:43 IST" name="Suite" finished-at="2022-10-15T22:34:43 IST" duration-ms="91">
    <groups>
    </groups>
    <test started-at="2022-10-15T22:34:43 IST" name="Test" finished-at="2022-10-15T22:34:43 IST" duration-ms="91">
      <class name="module2.Topic4">
        <test-method signature="testCase8()[pri:0, instance:module2.Topic4@702b8b12]" started-at="2022-10-15T22:34:43 IST" name="testCase8" finished-at="2022-10-15T22:34:43 IST" duration-ms="2" status="PASS">
          <reporter-output>
          </reporter-output>
        </test-method> <!-- testCase8 -->
        <test-method is-config="true" signature="testCase7()[pri:0, instance:module2.Topic4@702b8b12]" started-at="2022-10-15T22:34:44 IST" name="testCase7" finished-at="2022-10-15T22:34:44 IST" duration-ms="1" status="PASS">
          <reporter-output>
          </reporter-output>
        </test-method> <!-- testCase7 -->
      </class> <!-- module2.Topic4 -->
      <class name="module2.Topic3">
        <test-method signature="testCase5()[pri:0, instance:module2.Topic3@306f16f3]" started-at="2022-10-15T22:34:43 IST" name="testCase5" finished-at="2022-10-15T22:34:43 IST" duration-ms="3" status="PASS">
          <reporter-output>
          </reporter-output>
        </test-method> <!-- testCase5 -->
        <test-method is-config="true" signature="testCase6()[pri:0, instance:module2.Topic3@306f16f3]" started-at="2022-10-15T22:34:43 IST" name="testCase6" finished-at="2022-10-15T22:34:43 IST" duration-ms="1" status="PASS">
          <reporter-output>
          </reporter-output>
        </test-method> <!-- testCase6 -->
      </class> <!-- module2.Topic3 -->
      <class name="module2.Topic2">
        <test-method is-config="true" signature="testCase4()[pri:0, instance:module2.Topic2@1b6e1eff]" started-at="2022-10-15T22:34:43 IST" name="testCase4" finished-at="2022-10-15T22:34:43 IST" duration-ms="13" status="PASS">
          <reporter-output>
          </reporter-output>
        </test-method> <!-- testCase4 -->
        <test-method is-config="true" signature="testCase3()[pri:0, instance:module2.Topic2@1b6e1eff]" started-at="2022-10-15T22:34:43 IST" name="testCase3" finished-at="2022-10-15T22:34:43 IST" duration-ms="1" status="PASS">
          <reporter-output>
          </reporter-output>
        </test-method> <!-- testCase3 -->
      </class> <!-- module2.Topic2 -->
      <class name="module2.Topic1">
        <test-method signature="Abc()[pri:0, instance:module2.Topic1@120f102b]" started-at="2022-10-15T22:34:43 IST" name="Abc" finished-at="2022-10-15T22:34:43 IST" duration-ms="10" status="PASS">
          <reporter-output>
          </reporter-output>
        </test-method> <!-- Abc -->
        <test-method signature="XYZ()[pri:0, instance:module2.Topic1@120f102b]" started-at="2022-10-15T22:34:43 IST" name="XYZ" finished-at="2022-10-15T22:34:43 IST" duration-ms="2" status="PASS">
          <reporter-output>
          </reporter-output>
        </test-method> <!-- XYZ -->
        <test-method signature="testCase2()[pri:0, instance:module2.Topic1@120f102b]" started-at="2022-10-15T22:34:43 IST" name="testCase2" finished-at="2022-10-15T22:34:43 IST" duration-ms="1" status="PASS">
          <reporter-output>
          </reporter-output>
        </test-method> <!-- testCase2 -->
        <test-method is-config="true" signature="Demo2()[pri:0, instance:module2.Topic1@120f102b]" started-at="2022-10-15T22:34:43 IST" name="Demo2" finished-at="2022-10-15T22:34:43 IST" duration-ms="0" status="PASS">
          <reporter-output>
          </reporter-output>
        </test-method> <!-- Demo2 -->
      </class> <!-- module2.Topic1 -->
    </test> <!-- Test -->
  </suite> <!-- Suite -->
</testng-results>
