<?xml version="1.0" encoding="UTF-8"?>
<!-- Generated by org.testng.reporters.JUnitXMLReporter -->
<testsuite ignored="0" hostname="DESKTOP-EP7QFKD" failures="0" tests="4" name="Address" time="0.027" errors="0" timestamp="2022-10-11T21:03:33 IST">
  <testcase classname="module1.Topic3" name="testCase5" time="0.002"/>
  <testcase classname="module1.Topic3" name="testCase6" time="0.002"/>
  <testcase classname="module1.Topic4" name="testCase7" time="0.001"/>
  <testcase classname="module1.Topic4" name="testCase8" time="0.003"/>
</testsuite> <!-- Address -->
