<?xml version="1.0" encoding="UTF-8"?>
<!-- Generated by org.testng.reporters.JUnitXMLReporter -->
<testsuite ignored="3" hostname="DESKTOP-EP7QFKD" failures="0" tests="3" name="Login" time="0.111" errors="0" timestamp="2022-10-11T21:03:33 IST">
  <testcase classname="module1.Topic1" name="Demo1" time="0.017"/>
  <testcase classname="module1.Topic2" name="testCase3" time="0.002"/>
  <testcase classname="module1.Topic2" name="testCase4" time="0.006"/>
  <testcase classname="module1.Topic1" name="testCase1" time="0.0">
    <ignored/>
  </testcase> <!-- testCase1 -->
  <testcase classname="module1.Topic1" name="Demo2" time="0.0">
    <ignored/>
  </testcase> <!-- Demo2 -->
  <testcase classname="module1.Topic1" name="testCase2" time="0.0">
    <ignored/>
  </testcase> <!-- testCase2 -->
</testsuite> <!-- Login -->
